# JRE version: Java(TM) SE Runtime Environment (8.0_161-b12) (build 1.8.0_161-b12)
# Java VM: Java HotSpot(TM) Client VM (25.161-b12 mixed mode windows-x86 )
Heap:
 def new generation   total 21056K, used 18044K [0x05200000, 0x068d0000, 0x0a750000)
  eden space 18752K,  90% used [0x05200000, 0x062a11d8, 0x06450000)
  from space 2304K,  44% used [0x06450000, 0x0654df60, 0x06690000)
  to   space 2304K,   0% used [0x06690000, 0x06690000, 0x068d0000)
 tenured generation   total 46632K, used 33320K [0x0a750000, 0x0d4da000, 0x15200000)
   the space 46632K,  71% used [0x0a750000, 0x0c7da008, 0x0c7da200, 0x0d4da000)
 Metaspace       used 10781K, capacity 11054K, committed 11136K, reserved 11648K
GC Heap History (10 events):
Event: 16.090 GC heap before
{Heap before GC invocations=96 (full 4):
 def new generation   total 21056K, used 19373K [0x05200000, 0x068d0000, 0x0a750000)
  eden space 18752K, 100% used [0x05200000, 0x06450000, 0x06450000)
  from space 2304K,  26% used [0x06690000, 0x0672b5c8, 0x068d0000)
  to   space 2304K,   0% used [0x06450000, 0x06450000, 0x06690000)
 tenured generation   total 46632K, used 27979K [0x0a750000, 0x0d4da000, 0x15200000)
   the space 46632K,  59% used [0x0a750000, 0x0c2a2c90, 0x0c2a2e00, 0x0d4da000)
 Metaspace       used 10383K, capacity 10633K, committed 10752K, reserved 11648K
Event: 16.093 GC heap after
Heap after GC invocations=97 (full 4):
 def new generation   total 21056K, used 1594K [0x05200000, 0x068d0000, 0x0a750000)
  eden space 18752K,   0% used [0x05200000, 0x05200000, 0x06450000)
  from space 2304K,  69% used [0x06450000, 0x065de918, 0x06690000)
  to   space 2304K,   0% used [0x06690000, 0x06690000, 0x068d0000)
 tenured generation   total 46632K, used 27979K [0x0a750000, 0x0d4da000, 0x15200000)
   the space 46632K,  59% used [0x0a750000, 0x0c2a2c90, 0x0c2a2e00, 0x0d4da000)
 Metaspace       used 10383K, capacity 10633K, committed 10752K, reserved 11648K
}
Event: 16.110 GC heap before
{Heap before GC invocations=97 (full 4):
 def new generation   total 21056K, used 20346K [0x05200000, 0x068d0000, 0x0a750000)
  eden space 18752K, 100% used [0x05200000, 0x06450000, 0x06450000)
  from space 2304K,  69% used [0x06450000, 0x065de918, 0x06690000)
  to   space 2304K,   0% used [0x06690000, 0x06690000, 0x068d0000)
 tenured generation   total 46632K, used 27979K [0x0a750000, 0x0d4da000, 0x15200000)
   the space 46632K,  59% used [0x0a750000, 0x0c2a2c90, 0x0c2a2e00, 0x0d4da000)
 Metaspace       used 10383K, capacity 10633K, committed 10752K, reserved 11648K
Event: 16.114 GC heap after
Heap after GC invocations=98 (full 4):
 def new generation   total 21056K, used 1837K [0x05200000, 0x068d0000, 0x0a750000)
  eden space 18752K,   0% used [0x05200000, 0x05200000, 0x06450000)
  from space 2304K,  79% used [0x06690000, 0x0685b600, 0x068d0000)
  to   space 2304K,   0% used [0x06450000, 0x06450000, 0x06690000)
 tenured generation   total 46632K, used 28540K [0x0a750000, 0x0d4da000, 0x15200000)
   the space 46632K,  61% used [0x0a750000, 0x0c32f288, 0x0c32f400, 0x0d4da000)
 Metaspace       used 10383K, capacity 10633K, committed 10752K, reserved 11648K
}
Event: 16.369 GC heap before
{Heap before GC invocations=98 (full 4):
 def new generation   total 21056K, used 20589K [0x05200000, 0x068d0000, 0x0a750000)
  eden space 18752K, 100% used [0x05200000, 0x06450000, 0x06450000)
  from space 2304K,  79% used [0x06690000, 0x0685b600, 0x068d0000)
  to   space 2304K,   0% used [0x06450000, 0x06450000, 0x06690000)
 tenured generation   total 46632K, used 28540K [0x0a750000, 0x0d4da000, 0x15200000)
   the space 46632K,  61% used [0x0a750000, 0x0c32f288, 0x0c32f400, 0x0d4da000)
 Metaspace       used 10735K, capacity 10990K, committed 11136K, reserved 11648K
Event: 16.373 GC heap after
Heap after GC invocations=99 (full 4):
 def new generation   total 21056K, used 2304K [0x05200000, 0x068d0000, 0x0a750000)
  eden space 18752K,   0% used [0x05200000, 0x05200000, 0x06450000)
  from space 2304K, 100% used [0x06450000, 0x06690000, 0x06690000)
  to   space 2304K,   0% used [0x06690000, 0x06690000, 0x068d0000)
 tenured generation   total 46632K, used 29375K [0x0a750000, 0x0d4da000, 0x15200000)
   the space 46632K,  62% used [0x0a750000, 0x0c3ffd58, 0x0c3ffe00, 0x0d4da000)
 Metaspace       used 10735K, capacity 10990K, committed 11136K, reserved 11648K
}
Event: 16.387 GC heap before
{Heap before GC invocations=99 (full 4):
 def new generation   total 21056K, used 21056K [0x05200000, 0x068d0000, 0x0a750000)
  eden space 18752K, 100% used [0x05200000, 0x06450000, 0x06450000)
  from space 2304K, 100% used [0x06450000, 0x06690000, 0x06690000)
  to   space 2304K,   0% used [0x06690000, 0x06690000, 0x068d0000)
 tenured generation   total 46632K, used 29375K [0x0a750000, 0x0d4da000, 0x15200000)
   the space 46632K,  62% used [0x0a750000, 0x0c3ffd58, 0x0c3ffe00, 0x0d4da000)
 Metaspace       used 10775K, capacity 11054K, committed 11136K, reserved 11648K
Event: 16.391 GC heap after
Heap after GC invocations=100 (full 4):
 def new generation   total 21056K, used 1663K [0x05200000, 0x068d0000, 0x0a750000)
  eden space 18752K,   0% used [0x05200000, 0x05200000, 0x06450000)
  from space 2304K,  72% used [0x06690000, 0x0682fde0, 0x068d0000)
  to   space 2304K,   0% used [0x06450000, 0x06450000, 0x06690000)
 tenured generation   total 46632K, used 31659K [0x0a750000, 0x0d4da000, 0x15200000)
   the space 46632K,  67% used [0x0a750000, 0x0c63af80, 0x0c63b000, 0x0d4da000)
 Metaspace       used 10775K, capacity 11054K, committed 11136K, reserved 11648K
}
Event: 16.407 GC heap before
{Heap before GC invocations=100 (full 4):
 def new generation   total 21056K, used 20415K [0x05200000, 0x068d0000, 0x0a750000)
  eden space 18752K, 100% used [0x05200000, 0x06450000, 0x06450000)
  from space 2304K,  72% used [0x06690000, 0x0682fde0, 0x068d0000)
  to   space 2304K,   0% used [0x06450000, 0x06450000, 0x06690000)
 tenured generation   total 46632K, used 31659K [0x0a750000, 0x0d4da000, 0x15200000)
   the space 46632K,  67% used [0x0a750000, 0x0c63af80, 0x0c63b000, 0x0d4da000)
 Metaspace       used 10775K, capacity 11054K, committed 11136K, reserved 11648K
Event: 16.410 GC heap after
Heap after GC invocations=101 (full 4):
 def new generation   total 21056K, used 1015K [0x05200000, 0x068d0000, 0x0a750000)
  eden space 18752K,   0% used [0x05200000, 0x05200000, 0x06450000)
  from space 2304K,  44% used [0x06450000, 0x0654df60, 0x06690000)
  to   space 2304K,   0% used [0x06690000, 0x06690000, 0x068d0000)
 tenured generation   total 46632K, used 33320K [0x0a750000, 0x0d4da000, 0x15200000)
   the space 46632K,  71% used [0x0a750000, 0x0c7da008, 0x0c7da200, 0x0d4da000)
 Metaspace       used 10775K, capacity 11054K, committed 11136K, reserved 11648K
}

