# JRE version: Java(TM) SE Runtime Environment (8.0_161-b12) (build 1.8.0_161-b12)
# Java VM: Java HotSpot(TM) Client VM (25.161-b12 mixed mode, sharing windows-x86 )
Heap:
 def new generation   total 19008K, used 12944K [0x04400000, 0x058a0000, 0x09950000)
  eden space 16896K,  76% used [0x04400000, 0x050a2fa8, 0x05480000)
  from space 2112K,   0% used [0x05690000, 0x05691098, 0x058a0000)
  to   space 2112K,   0% used [0x05480000, 0x05480000, 0x05690000)
 tenured generation   total 42144K, used 11708K [0x09950000, 0x0c278000, 0x14400000)
   the space 42144K,  27% used [0x09950000, 0x0a4bf1f0, 0x0a4bf200, 0x0c278000)
 Metaspace       used 4247K, capacity 5157K, committed 5248K, reserved 5504K
GC Heap History (10 events):
Event: 12.911 GC heap before
{Heap before GC invocations=122 (full 4):
 def new generation   total 19008K, used 16900K [0x04400000, 0x058a0000, 0x09950000)
  eden space 16896K, 100% used [0x04400000, 0x05480000, 0x05480000)
  from space 2112K,   0% used [0x05480000, 0x05481040, 0x05690000)
  to   space 2112K,   0% used [0x05690000, 0x05690000, 0x058a0000)
 tenured generation   total 42144K, used 11708K [0x09950000, 0x0c278000, 0x14400000)
   the space 42144K,  27% used [0x09950000, 0x0a4bf1f0, 0x0a4bf200, 0x0c278000)
 Metaspace       used 4200K, capacity 5122K, committed 5248K, reserved 5504K
Event: 12.912 GC heap after
Heap after GC invocations=123 (full 4):
 def new generation   total 19008K, used 5K [0x04400000, 0x058a0000, 0x09950000)
  eden space 16896K,   0% used [0x04400000, 0x04400000, 0x05480000)
  from space 2112K,   0% used [0x05690000, 0x056914a0, 0x058a0000)
  to   space 2112K,   0% used [0x05480000, 0x05480000, 0x05690000)
 tenured generation   total 42144K, used 11708K [0x09950000, 0x0c278000, 0x14400000)
   the space 42144K,  27% used [0x09950000, 0x0a4bf1f0, 0x0a4bf200, 0x0c278000)
 Metaspace       used 4200K, capacity 5122K, committed 5248K, reserved 5504K
}
Event: 13.105 GC heap before
{Heap before GC invocations=123 (full 4):
 def new generation   total 19008K, used 16901K [0x04400000, 0x058a0000, 0x09950000)
  eden space 16896K, 100% used [0x04400000, 0x05480000, 0x05480000)
  from space 2112K,   0% used [0x05690000, 0x056914a0, 0x058a0000)
  to   space 2112K,   0% used [0x05480000, 0x05480000, 0x05690000)
 tenured generation   total 42144K, used 11708K [0x09950000, 0x0c278000, 0x14400000)
   the space 42144K,  27% used [0x09950000, 0x0a4bf1f0, 0x0a4bf200, 0x0c278000)
 Metaspace       used 4200K, capacity 5122K, committed 5248K, reserved 5504K
Event: 13.106 GC heap after
Heap after GC invocations=124 (full 4):
 def new generation   total 19008K, used 4K [0x04400000, 0x058a0000, 0x09950000)
  eden space 16896K,   0% used [0x04400000, 0x04400000, 0x05480000)
  from space 2112K,   0% used [0x05480000, 0x05481030, 0x05690000)
  to   space 2112K,   0% used [0x05690000, 0x05690000, 0x058a0000)
 tenured generation   total 42144K, used 11708K [0x09950000, 0x0c278000, 0x14400000)
   the space 42144K,  27% used [0x09950000, 0x0a4bf1f0, 0x0a4bf200, 0x0c278000)
 Metaspace       used 4200K, capacity 5122K, committed 5248K, reserved 5504K
}
Event: 13.293 GC heap before
{Heap before GC invocations=124 (full 4):
 def new generation   total 19008K, used 16900K [0x04400000, 0x058a0000, 0x09950000)
  eden space 16896K, 100% used [0x04400000, 0x05480000, 0x05480000)
  from space 2112K,   0% used [0x05480000, 0x05481030, 0x05690000)
  to   space 2112K,   0% used [0x05690000, 0x05690000, 0x058a0000)
 tenured generation   total 42144K, used 11708K [0x09950000, 0x0c278000, 0x14400000)
   the space 42144K,  27% used [0x09950000, 0x0a4bf1f0, 0x0a4bf200, 0x0c278000)
 Metaspace       used 4200K, capacity 5122K, committed 5248K, reserved 5504K
Event: 13.293 GC heap after
Heap after GC invocations=125 (full 4):
 def new generation   total 19008K, used 5K [0x04400000, 0x058a0000, 0x09950000)
  eden space 16896K,   0% used [0x04400000, 0x04400000, 0x05480000)
  from space 2112K,   0% used [0x05690000, 0x056914a0, 0x058a0000)
  to   space 2112K,   0% used [0x05480000, 0x05480000, 0x05690000)
 tenured generation   total 42144K, used 11708K [0x09950000, 0x0c278000, 0x14400000)
   the space 42144K,  27% used [0x09950000, 0x0a4bf1f0, 0x0a4bf200, 0x0c278000)
 Metaspace       used 4200K, capacity 5122K, committed 5248K, reserved 5504K
}
Event: 13.495 GC heap before
{Heap before GC invocations=125 (full 4):
 def new generation   total 19008K, used 16901K [0x04400000, 0x058a0000, 0x09950000)
  eden space 16896K, 100% used [0x04400000, 0x05480000, 0x05480000)
  from space 2112K,   0% used [0x05690000, 0x056914a0, 0x058a0000)
  to   space 2112K,   0% used [0x05480000, 0x05480000, 0x05690000)
 tenured generation   total 42144K, used 11708K [0x09950000, 0x0c278000, 0x14400000)
   the space 42144K,  27% used [0x09950000, 0x0a4bf1f0, 0x0a4bf200, 0x0c278000)
 Metaspace       used 4200K, capacity 5122K, committed 5248K, reserved 5504K
Event: 13.496 GC heap after
Heap after GC invocations=126 (full 4):
 def new generation   total 19008K, used 5K [0x04400000, 0x058a0000, 0x09950000)
  eden space 16896K,   0% used [0x04400000, 0x04400000, 0x05480000)
  from space 2112K,   0% used [0x05480000, 0x05481490, 0x05690000)
  to   space 2112K,   0% used [0x05690000, 0x05690000, 0x058a0000)
 tenured generation   total 42144K, used 11708K [0x09950000, 0x0c278000, 0x14400000)
   the space 42144K,  27% used [0x09950000, 0x0a4bf1f0, 0x0a4bf200, 0x0c278000)
 Metaspace       used 4200K, capacity 5122K, committed 5248K, reserved 5504K
}
Event: 14.202 GC heap before
{Heap before GC invocations=126 (full 4):
 def new generation   total 19008K, used 16901K [0x04400000, 0x058a0000, 0x09950000)
  eden space 16896K, 100% used [0x04400000, 0x05480000, 0x05480000)
  from space 2112K,   0% used [0x05480000, 0x05481490, 0x05690000)
  to   space 2112K,   0% used [0x05690000, 0x05690000, 0x058a0000)
 tenured generation   total 42144K, used 11708K [0x09950000, 0x0c278000, 0x14400000)
   the space 42144K,  27% used [0x09950000, 0x0a4bf1f0, 0x0a4bf200, 0x0c278000)
 Metaspace       used 4200K, capacity 5122K, committed 5248K, reserved 5504K
Event: 14.202 GC heap after
Heap after GC invocations=127 (full 4):
 def new generation   total 19008K, used 4K [0x04400000, 0x058a0000, 0x09950000)
  eden space 16896K,   0% used [0x04400000, 0x04400000, 0x05480000)
  from space 2112K,   0% used [0x05690000, 0x05691098, 0x058a0000)
  to   space 2112K,   0% used [0x05480000, 0x05480000, 0x05690000)
 tenured generation   total 42144K, used 11708K [0x09950000, 0x0c278000, 0x14400000)
   the space 42144K,  27% used [0x09950000, 0x0a4bf1f0, 0x0a4bf200, 0x0c278000)
 Metaspace       used 4200K, capacity 5122K, committed 5248K, reserved 5504K
}

