# JRE version: Java(TM) SE Runtime Environment (8.0_161-b12) (build 1.8.0_161-b12)
# Java VM: Java HotSpot(TM) 64-Bit Server VM (25.161-b12 mixed mode windows-amd64 compressed oops)
Heap:
 PSYoungGen      total 192512K, used 130079K [0x00000000d5800000, 0x00000000f5b00000, 0x0000000100000000)
  eden space 184320K, 66% used [0x00000000d5800000,0x00000000dcf82b40,0x00000000e0c00000)
  from space 8192K, 93% used [0x00000000f5300000,0x00000000f5a85110,0x00000000f5b00000)
  to   space 9728K, 0% used [0x00000000f4800000,0x00000000f4800000,0x00000000f5180000)
 ParOldGen       total 87552K, used 71056K [0x0000000080800000, 0x0000000085d80000, 0x00000000d5800000)
  object space 87552K, 81% used [0x0000000080800000,0x0000000084d64020,0x0000000085d80000)
 Metaspace       used 17300K, capacity 17593K, committed 17920K, reserved 1064960K
  class space    used 1874K, capacity 1979K, committed 2048K, reserved 1048576K
GC Heap History (10 events):
Event: 246.030 GC heap before
{Heap before GC invocations=242 (full 0):
 PSYoungGen      total 76288K, used 76000K [0x00000000d5800000, 0x00000000f5f00000, 0x0000000100000000)
  eden space 73728K, 100% used [0x00000000d5800000,0x00000000da000000,0x00000000da000000)
  from space 2560K, 88% used [0x00000000f5900000,0x00000000f5b38368,0x00000000f5b80000)
  to   space 3584K, 0% used [0x00000000f5b80000,0x00000000f5b80000,0x00000000f5f00000)
 ParOldGen       total 87552K, used 53144K [0x0000000080800000, 0x0000000085d80000, 0x00000000d5800000)
  object space 87552K, 60% used [0x0000000080800000,0x0000000083be60a8,0x0000000085d80000)
 Metaspace       used 17298K, capacity 17593K, committed 17920K, reserved 1064960K
  class space    used 1874K, capacity 1979K, committed 2048K, reserved 1048576K
Event: 246.039 GC heap after
Heap after GC invocations=242 (full 0):
 PSYoungGen      total 92160K, used 3145K [0x00000000d5800000, 0x00000000f5f00000, 0x0000000100000000)
  eden space 88576K, 0% used [0x00000000d5800000,0x00000000d5800000,0x00000000dae80000)
  from space 3584K, 87% used [0x00000000f5b80000,0x00000000f5e92798,0x00000000f5f00000)
  to   space 4096K, 0% used [0x00000000f5700000,0x00000000f5700000,0x00000000f5b00000)
 ParOldGen       total 87552K, used 54952K [0x0000000080800000, 0x0000000085d80000, 0x00000000d5800000)
  object space 87552K, 62% used [0x0000000080800000,0x0000000083daa0a8,0x0000000085d80000)
 Metaspace       used 17298K, capacity 17593K, committed 17920K, reserved 1064960K
  class space    used 1874K, capacity 1979K, committed 2048K, reserved 1048576K
}
Event: 246.100 GC heap before
{Heap before GC invocations=243 (full 0):
 PSYoungGen      total 92160K, used 91721K [0x00000000d5800000, 0x00000000f5f00000, 0x0000000100000000)
  eden space 88576K, 100% used [0x00000000d5800000,0x00000000dae80000,0x00000000dae80000)
  from space 3584K, 87% used [0x00000000f5b80000,0x00000000f5e92798,0x00000000f5f00000)
  to   space 4096K, 0% used [0x00000000f5700000,0x00000000f5700000,0x00000000f5b00000)
 ParOldGen       total 87552K, used 54952K [0x0000000080800000, 0x0000000085d80000, 0x00000000d5800000)
  object space 87552K, 62% used [0x0000000080800000,0x0000000083daa0a8,0x0000000085d80000)
 Metaspace       used 17298K, capacity 17593K, committed 17920K, reserved 1064960K
  class space    used 1874K, capacity 1979K, committed 2048K, reserved 1048576K
Event: 246.109 GC heap after
Heap after GC invocations=243 (full 0):
 PSYoungGen      total 110592K, used 4094K [0x00000000d5800000, 0x00000000f5c00000, 0x0000000100000000)
  eden space 106496K, 0% used [0x00000000d5800000,0x00000000d5800000,0x00000000dc000000)
  from space 4096K, 99% used [0x00000000f5700000,0x00000000f5affb58,0x00000000f5b00000)
  to   space 1024K, 0% used [0x00000000f5b00000,0x00000000f5b00000,0x00000000f5c00000)
 ParOldGen       total 87552K, used 57112K [0x0000000080800000, 0x0000000085d80000, 0x00000000d5800000)
  object space 87552K, 65% used [0x0000000080800000,0x0000000083fc60a8,0x0000000085d80000)
 Metaspace       used 17298K, capacity 17593K, committed 17920K, reserved 1064960K
  class space    used 1874K, capacity 1979K, committed 2048K, reserved 1048576K
}
Event: 246.196 GC heap before
{Heap before GC invocations=244 (full 0):
 PSYoungGen      total 110592K, used 110590K [0x00000000d5800000, 0x00000000f5c00000, 0x0000000100000000)
  eden space 106496K, 100% used [0x00000000d5800000,0x00000000dc000000,0x00000000dc000000)
  from space 4096K, 99% used [0x00000000f5700000,0x00000000f5affb58,0x00000000f5b00000)
  to   space 1024K, 0% used [0x00000000f5b00000,0x00000000f5b00000,0x00000000f5c00000)
 ParOldGen       total 87552K, used 57112K [0x0000000080800000, 0x0000000085d80000, 0x00000000d5800000)
  object space 87552K, 65% used [0x0000000080800000,0x0000000083fc60a8,0x0000000085d80000)
 Metaspace       used 17298K, capacity 17593K, committed 17920K, reserved 1064960K
  class space    used 1874K, capacity 1979K, committed 2048K, reserved 1048576K
Event: 246.208 GC heap after
Heap after GC invocations=244 (full 0):
 PSYoungGen      total 129024K, used 998K [0x00000000d5800000, 0x00000000f5c00000, 0x0000000100000000)
  eden space 128000K, 0% used [0x00000000d5800000,0x00000000d5800000,0x00000000dd500000)
  from space 1024K, 97% used [0x00000000f5b00000,0x00000000f5bf9838,0x00000000f5c00000)
  to   space 7680K, 0% used [0x00000000f4d00000,0x00000000f4d00000,0x00000000f5480000)
 ParOldGen       total 87552K, used 66305K [0x0000000080800000, 0x0000000085d80000, 0x00000000d5800000)
  object space 87552K, 75% used [0x0000000080800000,0x00000000848c07e8,0x0000000085d80000)
 Metaspace       used 17298K, capacity 17593K, committed 17920K, reserved 1064960K
  class space    used 1874K, capacity 1979K, committed 2048K, reserved 1048576K
}
Event: 246.318 GC heap before
{Heap before GC invocations=245 (full 0):
 PSYoungGen      total 129024K, used 128998K [0x00000000d5800000, 0x00000000f5c00000, 0x0000000100000000)
  eden space 128000K, 100% used [0x00000000d5800000,0x00000000dd500000,0x00000000dd500000)
  from space 1024K, 97% used [0x00000000f5b00000,0x00000000f5bf9838,0x00000000f5c00000)
  to   space 7680K, 0% used [0x00000000f4d00000,0x00000000f4d00000,0x00000000f5480000)
 ParOldGen       total 87552K, used 66305K [0x0000000080800000, 0x0000000085d80000, 0x00000000d5800000)
  object space 87552K, 75% used [0x0000000080800000,0x00000000848c07e8,0x0000000085d80000)
 Metaspace       used 17298K, capacity 17593K, committed 17920K, reserved 1064960K
  class space    used 1874K, capacity 1979K, committed 2048K, reserved 1048576K
Event: 246.329 GC heap after
Heap after GC invocations=245 (full 0):
 PSYoungGen      total 159744K, used 5886K [0x00000000d5800000, 0x00000000f5b80000, 0x0000000100000000)
  eden space 153600K, 0% used [0x00000000d5800000,0x00000000d5800000,0x00000000dee00000)
  from space 6144K, 95% used [0x00000000f4d00000,0x00000000f52bf8f8,0x00000000f5300000)
  to   space 8704K, 0% used [0x00000000f5300000,0x00000000f5300000,0x00000000f5b80000)
 ParOldGen       total 87552K, used 67312K [0x0000000080800000, 0x0000000085d80000, 0x00000000d5800000)
  object space 87552K, 76% used [0x0000000080800000,0x00000000849bc020,0x0000000085d80000)
 Metaspace       used 17298K, capacity 17593K, committed 17920K, reserved 1064960K
  class space    used 1874K, capacity 1979K, committed 2048K, reserved 1048576K
}
Event: 246.472 GC heap before
{Heap before GC invocations=246 (full 0):
 PSYoungGen      total 159744K, used 159486K [0x00000000d5800000, 0x00000000f5b80000, 0x0000000100000000)
  eden space 153600K, 100% used [0x00000000d5800000,0x00000000dee00000,0x00000000dee00000)
  from space 6144K, 95% used [0x00000000f4d00000,0x00000000f52bf8f8,0x00000000f5300000)
  to   space 8704K, 0% used [0x00000000f5300000,0x00000000f5300000,0x00000000f5b80000)
 ParOldGen       total 87552K, used 67312K [0x0000000080800000, 0x0000000085d80000, 0x00000000d5800000)
  object space 87552K, 76% used [0x0000000080800000,0x00000000849bc020,0x0000000085d80000)
 Metaspace       used 17298K, capacity 17593K, committed 17920K, reserved 1064960K
  class space    used 1874K, capacity 1979K, committed 2048K, reserved 1048576K
Event: 246.484 GC heap after
Heap after GC invocations=246 (full 0):
 PSYoungGen      total 192512K, used 7700K [0x00000000d5800000, 0x00000000f5b00000, 0x0000000100000000)
  eden space 184320K, 0% used [0x00000000d5800000,0x00000000d5800000,0x00000000e0c00000)
  from space 8192K, 93% used [0x00000000f5300000,0x00000000f5a85110,0x00000000f5b00000)
  to   space 9728K, 0% used [0x00000000f4800000,0x00000000f4800000,0x00000000f5180000)
 ParOldGen       total 87552K, used 71056K [0x0000000080800000, 0x0000000085d80000, 0x00000000d5800000)
  object space 87552K, 81% used [0x0000000080800000,0x0000000084d64020,0x0000000085d80000)
 Metaspace       used 17298K, capacity 17593K, committed 17920K, reserved 1064960K
  class space    used 1874K, capacity 1979K, committed 2048K, reserved 1048576K
}

