# JRE version: Java(TM) SE Runtime Environment (8.0_211-b12) (build 1.8.0_211-b12)
# Java VM: Java HotSpot(TM) 64-Bit Server VM (25.211-b12 mixed mode windows-amd64 compressed oops)
Heap:
 PSYoungGen      total 647168K, used 104210K [0x000000076af80000, 0x00000007b2300000, 0x00000007c0000000)
  eden space 645120K, 15% used [0x000000076af80000,0x000000077138e508,0x0000000792580000)
  from space 2048K, 85% used [0x00000007b0180000,0x00000007b0336528,0x00000007b0380000)
  to   space 18944K, 0% used [0x00000007b1080000,0x00000007b1080000,0x00000007b2300000)
 ParOldGen       total 175104K, used 46388K [0x00000006c0e00000, 0x00000006cb900000, 0x000000076af80000)
  object space 175104K, 26% used [0x00000006c0e00000,0x00000006c3b4d0d0,0x00000006cb900000)
 Metaspace       used 17480K, capacity 17781K, committed 18176K, reserved 1064960K
  class space    used 1879K, capacity 1981K, committed 2048K, reserved 1048576K
GC Heap History (10 events):
Event: 49.424 GC heap before
{Heap before GC invocations=27 (full 0):
 PSYoungGen      total 815104K, used 814796K [0x000000076af80000, 0x00000007b4b00000, 0x00000007c0000000)
  eden space 814592K, 100% used [0x000000076af80000,0x000000079cb00000,0x000000079cb00000)
  from space 512K, 39% used [0x00000007b4a80000,0x00000007b4ab3130,0x00000007b4b00000)
  to   space 22528K, 0% used [0x00000007b1f00000,0x00000007b1f00000,0x00000007b3500000)
 ParOldGen       total 175104K, used 45848K [0x00000006c0e00000, 0x00000006cb900000, 0x000000076af80000)
  object space 175104K, 26% used [0x00000006c0e00000,0x00000006c3ac62b8,0x00000006cb900000)
 Metaspace       used 17380K, capacity 17643K, committed 17920K, reserved 1064960K
  class space    used 1876K, capacity 1980K, committed 2048K, reserved 1048576K
Event: 49.424 GC heap after
Heap after GC invocations=27 (full 0):
 PSYoungGen      total 799744K, used 206K [0x000000076af80000, 0x00000007b4b00000, 0x00000007c0000000)
  eden space 777216K, 0% used [0x000000076af80000,0x000000076af80000,0x000000079a680000)
  from space 22528K, 0% used [0x00000007b1f00000,0x00000007b1f33a78,0x00000007b3500000)
  to   space 20992K, 0% used [0x00000007b3680000,0x00000007b3680000,0x00000007b4b00000)
 ParOldGen       total 175104K, used 45856K [0x00000006c0e00000, 0x00000006cb900000, 0x000000076af80000)
  object space 175104K, 26% used [0x00000006c0e00000,0x00000006c3ac82b8,0x00000006cb900000)
 Metaspace       used 17380K, capacity 17643K, committed 17920K, reserved 1064960K
  class space    used 1876K, capacity 1980K, committed 2048K, reserved 1048576K
}
Event: 50.944 GC heap before
{Heap before GC invocations=28 (full 0):
 PSYoungGen      total 799744K, used 777422K [0x000000076af80000, 0x00000007b4b00000, 0x00000007c0000000)
  eden space 777216K, 100% used [0x000000076af80000,0x000000079a680000,0x000000079a680000)
  from space 22528K, 0% used [0x00000007b1f00000,0x00000007b1f33a78,0x00000007b3500000)
  to   space 20992K, 0% used [0x00000007b3680000,0x00000007b3680000,0x00000007b4b00000)
 ParOldGen       total 175104K, used 45856K [0x00000006c0e00000, 0x00000006cb900000, 0x000000076af80000)
  object space 175104K, 26% used [0x00000006c0e00000,0x00000006c3ac82b8,0x00000006cb900000)
 Metaspace       used 17380K, capacity 17643K, committed 17920K, reserved 1064960K
  class space    used 1876K, capacity 1980K, committed 2048K, reserved 1048576K
Event: 50.945 GC heap after
Heap after GC invocations=28 (full 0):
 PSYoungGen      total 742400K, used 208K [0x000000076af80000, 0x00000007b3700000, 0x00000007c0000000)
  eden space 741888K, 0% used [0x000000076af80000,0x000000076af80000,0x0000000798400000)
  from space 512K, 40% used [0x00000007b3680000,0x00000007b36b4380,0x00000007b3700000)
  to   space 19968K, 0% used [0x00000007b1000000,0x00000007b1000000,0x00000007b2380000)
 ParOldGen       total 175104K, used 45872K [0x00000006c0e00000, 0x00000006cb900000, 0x000000076af80000)
  object space 175104K, 26% used [0x00000006c0e00000,0x00000006c3acc2b8,0x00000006cb900000)
 Metaspace       used 17380K, capacity 17643K, committed 17920K, reserved 1064960K
  class space    used 1876K, capacity 1980K, committed 2048K, reserved 1048576K
}
Event: 58.643 GC heap before
{Heap before GC invocations=29 (full 0):
 PSYoungGen      total 742400K, used 742096K [0x000000076af80000, 0x00000007b3700000, 0x00000007c0000000)
  eden space 741888K, 100% used [0x000000076af80000,0x0000000798400000,0x0000000798400000)
  from space 512K, 40% used [0x00000007b3680000,0x00000007b36b4380,0x00000007b3700000)
  to   space 19968K, 0% used [0x00000007b1000000,0x00000007b1000000,0x00000007b2380000)
 ParOldGen       total 175104K, used 45872K [0x00000006c0e00000, 0x00000006cb900000, 0x000000076af80000)
  object space 175104K, 26% used [0x00000006c0e00000,0x00000006c3acc2b8,0x00000006cb900000)
 Metaspace       used 17478K, capacity 17781K, committed 18176K, reserved 1064960K
  class space    used 1879K, capacity 1981K, committed 2048K, reserved 1048576K
Event: 58.651 GC heap after
Heap after GC invocations=29 (full 0):
 PSYoungGen      total 718336K, used 10149K [0x000000076af80000, 0x00000007b3700000, 0x00000007c0000000)
  eden space 708096K, 0% used [0x000000076af80000,0x000000076af80000,0x0000000796300000)
  from space 10240K, 99% used [0x00000007b1000000,0x00000007b19e9618,0x00000007b1a00000)
  to   space 20992K, 0% used [0x00000007b2280000,0x00000007b2280000,0x00000007b3700000)
 ParOldGen       total 175104K, used 45888K [0x00000006c0e00000, 0x00000006cb900000, 0x000000076af80000)
  object space 175104K, 26% used [0x00000006c0e00000,0x00000006c3ad02b8,0x00000006cb900000)
 Metaspace       used 17478K, capacity 17781K, committed 18176K, reserved 1064960K
  class space    used 1879K, capacity 1981K, committed 2048K, reserved 1048576K
}
Event: 59.120 GC heap before
{Heap before GC invocations=30 (full 0):
 PSYoungGen      total 718336K, used 718245K [0x000000076af80000, 0x00000007b3700000, 0x00000007c0000000)
  eden space 708096K, 100% used [0x000000076af80000,0x0000000796300000,0x0000000796300000)
  from space 10240K, 99% used [0x00000007b1000000,0x00000007b19e9618,0x00000007b1a00000)
  to   space 20992K, 0% used [0x00000007b2280000,0x00000007b2280000,0x00000007b3700000)
 ParOldGen       total 175104K, used 45888K [0x00000006c0e00000, 0x00000006cb900000, 0x000000076af80000)
  object space 175104K, 26% used [0x00000006c0e00000,0x00000006c3ad02b8,0x00000006cb900000)
 Metaspace       used 17478K, capacity 17781K, committed 18176K, reserved 1064960K
  class space    used 1879K, capacity 1981K, committed 2048K, reserved 1048576K
Event: 59.126 GC heap after
Heap after GC invocations=30 (full 0):
 PSYoungGen      total 681984K, used 5906K [0x000000076af80000, 0x00000007b2880000, 0x00000007c0000000)
  eden space 675840K, 0% used [0x000000076af80000,0x000000076af80000,0x0000000794380000)
  from space 6144K, 96% used [0x00000007b2280000,0x00000007b2844880,0x00000007b2880000)
  to   space 19968K, 0% used [0x00000007b0180000,0x00000007b0180000,0x00000007b1500000)
 ParOldGen       total 175104K, used 46372K [0x00000006c0e00000, 0x00000006cb900000, 0x000000076af80000)
  object space 175104K, 26% used [0x00000006c0e00000,0x00000006c3b490d0,0x00000006cb900000)
 Metaspace       used 17478K, capacity 17781K, committed 18176K, reserved 1064960K
  class space    used 1879K, capacity 1981K, committed 2048K, reserved 1048576K
}
Event: 59.947 GC heap before
{Heap before GC invocations=31 (full 0):
 PSYoungGen      total 681984K, used 681746K [0x000000076af80000, 0x00000007b2880000, 0x00000007c0000000)
  eden space 675840K, 100% used [0x000000076af80000,0x0000000794380000,0x0000000794380000)
  from space 6144K, 96% used [0x00000007b2280000,0x00000007b2844880,0x00000007b2880000)
  to   space 19968K, 0% used [0x00000007b0180000,0x00000007b0180000,0x00000007b1500000)
 ParOldGen       total 175104K, used 46372K [0x00000006c0e00000, 0x00000006cb900000, 0x000000076af80000)
  object space 175104K, 26% used [0x00000006c0e00000,0x00000006c3b490d0,0x00000006cb900000)
 Metaspace       used 17478K, capacity 17781K, committed 18176K, reserved 1064960K
  class space    used 1879K, capacity 1981K, committed 2048K, reserved 1048576K
Event: 59.950 GC heap after
Heap after GC invocations=31 (full 0):
 PSYoungGen      total 647168K, used 1753K [0x000000076af80000, 0x00000007b2300000, 0x00000007c0000000)
  eden space 645120K, 0% used [0x000000076af80000,0x000000076af80000,0x0000000792580000)
  from space 2048K, 85% used [0x00000007b0180000,0x00000007b0336528,0x00000007b0380000)
  to   space 18944K, 0% used [0x00000007b1080000,0x00000007b1080000,0x00000007b2300000)
 ParOldGen       total 175104K, used 46388K [0x00000006c0e00000, 0x00000006cb900000, 0x000000076af80000)
  object space 175104K, 26% used [0x00000006c0e00000,0x00000006c3b4d0d0,0x00000006cb900000)
 Metaspace       used 17478K, capacity 17781K, committed 18176K, reserved 1064960K
  class space    used 1879K, capacity 1981K, committed 2048K, reserved 1048576K
}

