# JRE version: Java(TM) SE Runtime Environment (8.0_211-b12) (build 1.8.0_211-b12)
# Java VM: Java HotSpot(TM) 64-Bit Server VM (25.211-b12 mixed mode windows-amd64 compressed oops)
Heap:
 PSYoungGen      total 654848K, used 256917K [0x000000076af80000, 0x00000007a3e00000, 0x00000007c0000000)
  eden space 640000K, 37% used [0x000000076af80000,0x0000000779be66f0,0x0000000792080000)
  from space 14848K, 99% used [0x00000007a2400000,0x00000007a327ed48,0x00000007a3280000)
  to   space 11776K, 0% used [0x00000007a3280000,0x00000007a3280000,0x00000007a3e00000)
 ParOldGen       total 97280K, used 25871K [0x00000006c0e00000, 0x00000006c6d00000, 0x000000076af80000)
  object space 97280K, 26% used [0x00000006c0e00000,0x00000006c2743e58,0x00000006c6d00000)
 Metaspace       used 18061K, capacity 18319K, committed 18432K, reserved 1064960K
  class space    used 1916K, capacity 2014K, committed 2048K, reserved 1048576K
GC Heap History (10 events):
Event: 234.946 GC heap before
{Heap before GC invocations=1256 (full 0):
 PSYoungGen      total 388096K, used 387591K [0x000000076af80000, 0x00000007a4200000, 0x00000007c0000000)
  eden space 386560K, 100% used [0x000000076af80000,0x0000000782900000,0x0000000782900000)
  from space 1536K, 67% used [0x00000007a3f00000,0x00000007a4001da0,0x00000007a4080000)
  to   space 1536K, 0% used [0x00000007a4080000,0x00000007a4080000,0x00000007a4200000)
 ParOldGen       total 175104K, used 135649K [0x00000006c0e00000, 0x00000006cb900000, 0x000000076af80000)
  object space 175104K, 77% used [0x00000006c0e00000,0x00000006c9278740,0x00000006cb900000)
 Metaspace       used 18058K, capacity 18319K, committed 18432K, reserved 1064960K
  class space    used 1916K, capacity 2014K, committed 2048K, reserved 1048576K
Event: 234.956 GC heap after
Heap after GC invocations=1256 (full 0):
 PSYoungGen      total 371712K, used 1529K [0x000000076af80000, 0x00000007a4200000, 0x00000007c0000000)
  eden space 370176K, 0% used [0x000000076af80000,0x000000076af80000,0x0000000781900000)
  from space 1536K, 99% used [0x00000007a4080000,0x00000007a41fe668,0x00000007a4200000)
  to   space 4608K, 0% used [0x00000007a3900000,0x00000007a3900000,0x00000007a3d80000)
 ParOldGen       total 175104K, used 143186K [0x00000006c0e00000, 0x00000006cb900000, 0x000000076af80000)
  object space 175104K, 81% used [0x00000006c0e00000,0x00000006c99d4ab8,0x00000006cb900000)
 Metaspace       used 18058K, capacity 18319K, committed 18432K, reserved 1064960K
  class space    used 1916K, capacity 2014K, committed 2048K, reserved 1048576K
}
Event: 235.165 GC heap before
{Heap before GC invocations=1257 (full 0):
 PSYoungGen      total 371712K, used 371705K [0x000000076af80000, 0x00000007a4200000, 0x00000007c0000000)
  eden space 370176K, 100% used [0x000000076af80000,0x0000000781900000,0x0000000781900000)
  from space 1536K, 99% used [0x00000007a4080000,0x00000007a41fe668,0x00000007a4200000)
  to   space 4608K, 0% used [0x00000007a3900000,0x00000007a3900000,0x00000007a3d80000)
 ParOldGen       total 175104K, used 143186K [0x00000006c0e00000, 0x00000006cb900000, 0x000000076af80000)
  object space 175104K, 81% used [0x00000006c0e00000,0x00000006c99d4ab8,0x00000006cb900000)
 Metaspace       used 18058K, capacity 18319K, committed 18432K, reserved 1064960K
  class space    used 1916K, capacity 2014K, committed 2048K, reserved 1048576K
Event: 235.181 GC heap after
Heap after GC invocations=1257 (full 0):
 PSYoungGen      total 449024K, used 4605K [0x000000076af80000, 0x00000007a4100000, 0x00000007c0000000)
  eden space 444416K, 0% used [0x000000076af80000,0x000000076af80000,0x0000000786180000)
  from space 4608K, 99% used [0x00000007a3900000,0x00000007a3d7f7e0,0x00000007a3d80000)
  to   space 3584K, 0% used [0x00000007a3d80000,0x00000007a3d80000,0x00000007a4100000)
 ParOldGen       total 175104K, used 155737K [0x00000006c0e00000, 0x00000006cb900000, 0x000000076af80000)
  object space 175104K, 88% used [0x00000006c0e00000,0x00000006ca616448,0x00000006cb900000)
 Metaspace       used 18058K, capacity 18319K, committed 18432K, reserved 1064960K
  class space    used 1916K, capacity 2014K, committed 2048K, reserved 1048576K
}
Event: 235.455 GC heap before
{Heap before GC invocations=1258 (full 0):
 PSYoungGen      total 449024K, used 449021K [0x000000076af80000, 0x00000007a4100000, 0x00000007c0000000)
  eden space 444416K, 100% used [0x000000076af80000,0x0000000786180000,0x0000000786180000)
  from space 4608K, 99% used [0x00000007a3900000,0x00000007a3d7f7e0,0x00000007a3d80000)
  to   space 3584K, 0% used [0x00000007a3d80000,0x00000007a3d80000,0x00000007a4100000)
 ParOldGen       total 175104K, used 155737K [0x00000006c0e00000, 0x00000006cb900000, 0x000000076af80000)
  object space 175104K, 88% used [0x00000006c0e00000,0x00000006ca616448,0x00000006cb900000)
 Metaspace       used 18061K, capacity 18319K, committed 18432K, reserved 1064960K
  class space    used 1916K, capacity 2014K, committed 2048K, reserved 1048576K
Event: 235.475 GC heap after
Heap after GC invocations=1258 (full 0):
 PSYoungGen      total 537088K, used 3556K [0x000000076af80000, 0x00000007a4100000, 0x00000007c0000000)
  eden space 533504K, 0% used [0x000000076af80000,0x000000076af80000,0x000000078b880000)
  from space 3584K, 99% used [0x00000007a3d80000,0x00000007a40f93b0,0x00000007a4100000)
  to   space 14848K, 0% used [0x00000007a2400000,0x00000007a2400000,0x00000007a3280000)
 ParOldGen       total 175104K, used 170646K [0x00000006c0e00000, 0x00000006cb900000, 0x000000076af80000)
  object space 175104K, 97% used [0x00000006c0e00000,0x00000006cb4a59b0,0x00000006cb900000)
 Metaspace       used 18061K, capacity 18319K, committed 18432K, reserved 1064960K
  class space    used 1916K, capacity 2014K, committed 2048K, reserved 1048576K
}
Event: 235.475 GC heap before
{Heap before GC invocations=1259 (full 1):
 PSYoungGen      total 537088K, used 3556K [0x000000076af80000, 0x00000007a4100000, 0x00000007c0000000)
  eden space 533504K, 0% used [0x000000076af80000,0x000000076af80000,0x000000078b880000)
  from space 3584K, 99% used [0x00000007a3d80000,0x00000007a40f93b0,0x00000007a4100000)
  to   space 14848K, 0% used [0x00000007a2400000,0x00000007a2400000,0x00000007a3280000)
 ParOldGen       total 175104K, used 170646K [0x00000006c0e00000, 0x00000006cb900000, 0x000000076af80000)
  object space 175104K, 97% used [0x00000006c0e00000,0x00000006cb4a59b0,0x00000006cb900000)
 Metaspace       used 18061K, capacity 18319K, committed 18432K, reserved 1064960K
  class space    used 1916K, capacity 2014K, committed 2048K, reserved 1048576K
Event: 235.545 GC heap after
Heap after GC invocations=1259 (full 1):
 PSYoungGen      total 537088K, used 0K [0x000000076af80000, 0x00000007a4100000, 0x00000007c0000000)
  eden space 533504K, 0% used [0x000000076af80000,0x000000076af80000,0x000000078b880000)
  from space 3584K, 0% used [0x00000007a3d80000,0x00000007a3d80000,0x00000007a4100000)
  to   space 14848K, 0% used [0x00000007a2400000,0x00000007a2400000,0x00000007a3280000)
 ParOldGen       total 97280K, used 18519K [0x00000006c0e00000, 0x00000006c6d00000, 0x000000076af80000)
  object space 97280K, 19% used [0x00000006c0e00000,0x00000006c2015e58,0x00000006c6d00000)
 Metaspace       used 18061K, capacity 18319K, committed 18432K, reserved 1064960K
  class space    used 1916K, capacity 2014K, committed 2048K, reserved 1048576K
}
Event: 235.898 GC heap before
{Heap before GC invocations=1260 (full 1):
 PSYoungGen      total 537088K, used 533504K [0x000000076af80000, 0x00000007a4100000, 0x00000007c0000000)
  eden space 533504K, 100% used [0x000000076af80000,0x000000078b880000,0x000000078b880000)
  from space 3584K, 0% used [0x00000007a3d80000,0x00000007a3d80000,0x00000007a4100000)
  to   space 14848K, 0% used [0x00000007a2400000,0x00000007a2400000,0x00000007a3280000)
 ParOldGen       total 97280K, used 18519K [0x00000006c0e00000, 0x00000006c6d00000, 0x000000076af80000)
  object space 97280K, 19% used [0x00000006c0e00000,0x00000006c2015e58,0x00000006c6d00000)
 Metaspace       used 18061K, capacity 18319K, committed 18432K, reserved 1064960K
  class space    used 1916K, capacity 2014K, committed 2048K, reserved 1048576K
Event: 235.918 GC heap after
Heap after GC invocations=1260 (full 1):
 PSYoungGen      total 654848K, used 14843K [0x000000076af80000, 0x00000007a3e00000, 0x00000007c0000000)
  eden space 640000K, 0% used [0x000000076af80000,0x000000076af80000,0x0000000792080000)
  from space 14848K, 99% used [0x00000007a2400000,0x00000007a327ed48,0x00000007a3280000)
  to   space 11776K, 0% used [0x00000007a3280000,0x00000007a3280000,0x00000007a3e00000)
 ParOldGen       total 97280K, used 25871K [0x00000006c0e00000, 0x00000006c6d00000, 0x000000076af80000)
  object space 97280K, 26% used [0x00000006c0e00000,0x00000006c2743e58,0x00000006c6d00000)
 Metaspace       used 18061K, capacity 18319K, committed 18432K, reserved 1064960K
  class space    used 1916K, capacity 2014K, committed 2048K, reserved 1048576K
}

