# JRE version: Java(TM) SE Runtime Environment (8.0_161-b12) (build 1.8.0_161-b12)
# Java VM: Java HotSpot(TM) Client VM (25.161-b12 mixed mode windows-x86 )
Heap:
 def new generation   total 20096K, used 5360K [0x04e00000, 0x063c0000, 0x0a350000)
  eden space 17920K,  20% used [0x04e00000, 0x0518bfd0, 0x05f80000)
  from space 2176K,  79% used [0x061a0000, 0x06350190, 0x063c0000)
  to   space 2176K,   0% used [0x05f80000, 0x05f80000, 0x061a0000)
 tenured generation   total 44456K, used 31783K [0x0a350000, 0x0ceba000, 0x14e00000)
   the space 44456K,  71% used [0x0a350000, 0x0c259e80, 0x0c25a000, 0x0ceba000)
 Metaspace       used 10777K, capacity 11051K, committed 11136K, reserved 11648K
GC Heap History (10 events):
Event: 13.335 GC heap before
{Heap before GC invocations=94 (full 4):
 def new generation   total 20096K, used 19399K [0x04e00000, 0x063c0000, 0x0a350000)
  eden space 17920K, 100% used [0x04e00000, 0x05f80000, 0x05f80000)
  from space 2176K,  67% used [0x05f80000, 0x060f1d70, 0x061a0000)
  to   space 2176K,   0% used [0x061a0000, 0x061a0000, 0x063c0000)
 tenured generation   total 44456K, used 26673K [0x0a350000, 0x0ceba000, 0x14e00000)
   the space 44456K,  59% used [0x0a350000, 0x0bd5c4c0, 0x0bd5c600, 0x0ceba000)
 Metaspace       used 10378K, capacity 10630K, committed 10752K, reserved 11648K
Event: 13.338 GC heap after
Heap after GC invocations=95 (full 4):
 def new generation   total 20096K, used 1693K [0x04e00000, 0x063c0000, 0x0a350000)
  eden space 17920K,   0% used [0x04e00000, 0x04e00000, 0x05f80000)
  from space 2176K,  77% used [0x061a0000, 0x06347528, 0x063c0000)
  to   space 2176K,   0% used [0x05f80000, 0x05f80000, 0x061a0000)
 tenured generation   total 44456K, used 27178K [0x0a350000, 0x0ceba000, 0x14e00000)
   the space 44456K,  61% used [0x0a350000, 0x0bdda818, 0x0bddaa00, 0x0ceba000)
 Metaspace       used 10378K, capacity 10630K, committed 10752K, reserved 11648K
}
Event: 13.592 GC heap before
{Heap before GC invocations=95 (full 4):
 def new generation   total 20096K, used 19613K [0x04e00000, 0x063c0000, 0x0a350000)
  eden space 17920K, 100% used [0x04e00000, 0x05f80000, 0x05f80000)
  from space 2176K,  77% used [0x061a0000, 0x06347528, 0x063c0000)
  to   space 2176K,   0% used [0x05f80000, 0x05f80000, 0x061a0000)
 tenured generation   total 44456K, used 27178K [0x0a350000, 0x0ceba000, 0x14e00000)
   the space 44456K,  61% used [0x0a350000, 0x0bdda818, 0x0bddaa00, 0x0ceba000)
 Metaspace       used 10620K, capacity 10891K, committed 11008K, reserved 11648K
Event: 13.596 GC heap after
Heap after GC invocations=96 (full 4):
 def new generation   total 20096K, used 2176K [0x04e00000, 0x063c0000, 0x0a350000)
  eden space 17920K,   0% used [0x04e00000, 0x04e00000, 0x05f80000)
  from space 2176K, 100% used [0x05f80000, 0x061a0000, 0x061a0000)
  to   space 2176K,   0% used [0x061a0000, 0x061a0000, 0x063c0000)
 tenured generation   total 44456K, used 28014K [0x0a350000, 0x0ceba000, 0x14e00000)
   the space 44456K,  63% used [0x0a350000, 0x0beab9c0, 0x0beaba00, 0x0ceba000)
 Metaspace       used 10620K, capacity 10891K, committed 11008K, reserved 11648K
}
Event: 13.608 GC heap before
{Heap before GC invocations=96 (full 4):
 def new generation   total 20096K, used 20096K [0x04e00000, 0x063c0000, 0x0a350000)
  eden space 17920K, 100% used [0x04e00000, 0x05f80000, 0x05f80000)
  from space 2176K, 100% used [0x05f80000, 0x061a0000, 0x061a0000)
  to   space 2176K,   0% used [0x061a0000, 0x061a0000, 0x063c0000)
 tenured generation   total 44456K, used 28014K [0x0a350000, 0x0ceba000, 0x14e00000)
   the space 44456K,  63% used [0x0a350000, 0x0beab9c0, 0x0beaba00, 0x0ceba000)
 Metaspace       used 10772K, capacity 11019K, committed 11136K, reserved 11648K
Event: 13.613 GC heap after
Heap after GC invocations=97 (full 4):
 def new generation   total 20096K, used 1666K [0x04e00000, 0x063c0000, 0x0a350000)
  eden space 17920K,   0% used [0x04e00000, 0x04e00000, 0x05f80000)
  from space 2176K,  76% used [0x061a0000, 0x06340a40, 0x063c0000)
  to   space 2176K,   0% used [0x05f80000, 0x05f80000, 0x061a0000)
 tenured generation   total 44456K, used 30146K [0x0a350000, 0x0ceba000, 0x14e00000)
   the space 44456K,  67% used [0x0a350000, 0x0c0c0928, 0x0c0c0a00, 0x0ceba000)
 Metaspace       used 10772K, capacity 11019K, committed 11136K, reserved 11648K
}
Event: 13.626 GC heap before
{Heap before GC invocations=97 (full 4):
 def new generation   total 20096K, used 19586K [0x04e00000, 0x063c0000, 0x0a350000)
  eden space 17920K, 100% used [0x04e00000, 0x05f80000, 0x05f80000)
  from space 2176K,  76% used [0x061a0000, 0x06340a40, 0x063c0000)
  to   space 2176K,   0% used [0x05f80000, 0x05f80000, 0x061a0000)
 tenured generation   total 44456K, used 30146K [0x0a350000, 0x0ceba000, 0x14e00000)
   the space 44456K,  67% used [0x0a350000, 0x0c0c0928, 0x0c0c0a00, 0x0ceba000)
 Metaspace       used 10772K, capacity 11019K, committed 11136K, reserved 11648K
Event: 13.629 GC heap after
Heap after GC invocations=98 (full 4):
 def new generation   total 20096K, used 992K [0x04e00000, 0x063c0000, 0x0a350000)
  eden space 17920K,   0% used [0x04e00000, 0x04e00000, 0x05f80000)
  from space 2176K,  45% used [0x05f80000, 0x060780c8, 0x061a0000)
  to   space 2176K,   0% used [0x061a0000, 0x061a0000, 0x063c0000)
 tenured generation   total 44456K, used 31783K [0x0a350000, 0x0ceba000, 0x14e00000)
   the space 44456K,  71% used [0x0a350000, 0x0c259e80, 0x0c25a000, 0x0ceba000)
 Metaspace       used 10772K, capacity 11019K, committed 11136K, reserved 11648K
}
Event: 13.644 GC heap before
{Heap before GC invocations=98 (full 4):
 def new generation   total 20096K, used 18912K [0x04e00000, 0x063c0000, 0x0a350000)
  eden space 17920K, 100% used [0x04e00000, 0x05f80000, 0x05f80000)
  from space 2176K,  45% used [0x05f80000, 0x060780c8, 0x061a0000)
  to   space 2176K,   0% used [0x061a0000, 0x061a0000, 0x063c0000)
 tenured generation   total 44456K, used 31783K [0x0a350000, 0x0ceba000, 0x14e00000)
   the space 44456K,  71% used [0x0a350000, 0x0c259e80, 0x0c25a000, 0x0ceba000)
 Metaspace       used 10772K, capacity 11019K, committed 11136K, reserved 11648K
Event: 13.647 GC heap after
Heap after GC invocations=99 (full 4):
 def new generation   total 20096K, used 1728K [0x04e00000, 0x063c0000, 0x0a350000)
  eden space 17920K,   0% used [0x04e00000, 0x04e00000, 0x05f80000)
  from space 2176K,  79% used [0x061a0000, 0x06350190, 0x063c0000)
  to   space 2176K,   0% used [0x05f80000, 0x05f80000, 0x061a0000)
 tenured generation   total 44456K, used 31783K [0x0a350000, 0x0ceba000, 0x14e00000)
   the space 44456K,  71% used [0x0a350000, 0x0c259e80, 0x0c25a000, 0x0ceba000)
 Metaspace       used 10772K, capacity 11019K, committed 11136K, reserved 11648K
}

